##############################################################################################################
#
# Rosetta crash log. Please submit the contents of this file to http://crash.rosettacommons.org/
# or use the script Rosetta/main/source/scripts/python/public/report_crashes.py
#

[START_CRASH_REPORT]
[ROSETTA_VERSION]: 0.0.dev0
[COMMIT_DATE]: 2024-01-26T17:55:43
[APPLICATION]: bin/generate_database_cache.default.linuxgccrelease
[MODE]: Release
[EXTRAS]: default
[OS]: GNU/Linux
[COMPILER]: GCC version "11.4.0"
[STDLIB]: libstdc++ version 20230528
[START_OPTIONS]
 -out:mute=all -out:unmute=apps.public.generate_database_cache

[END_OPTIONS]

[START_BACKTRACE]: RAW_LIBC
/media/bigdrive/rosetta/source/build/src/release/linux/6.2/64/x86/gcc/11/default/libutility.so(backtrace_string[abi:cxx11](int)+0x5a) [0x7f27e89ab35a]
/media/bigdrive/rosetta/source/build/src/release/linux/6.2/64/x86/gcc/11/default/libutility.so(utility::excn::Exception::Exception(char const*, int, std::__cxx11::basic_string<char, std::char_traits<char>, std::allocator<char> > const&)+0xe0) [0x7f27e89e92c0]
/media/bigdrive/rosetta/source/build/src/release/linux/6.2/64/x86/gcc/11/default/libutility.so(utility::UtilityExitException::UtilityExitException(char const*, int, std::__cxx11::basic_string<char, std::char_traits<char>, std::allocator<char> > const&)+0x113) [0x7f27e89b0483]
/media/bigdrive/rosetta/source/build/src/release/linux/6.2/64/x86/gcc/11/default/libutility.so(utility::exit(char const*, int, std::__cxx11::basic_string<char, std::char_traits<char>, std::allocator<char> > const&, int)+0x3b) [0x7f27e89b00cb]
/media/bigdrive/rosetta/source/build/src/release/linux/6.2/64/x86/gcc/11/default/libcore.2.so(core::chemical::GlobalResidueTypeSet::init_restypes_from_database()+0x13b2) [0x7f27dc4cccc2]
/media/bigdrive/rosetta/source/build/src/release/linux/6.2/64/x86/gcc/11/default/libcore.2.so(core::chemical::GlobalResidueTypeSet::GlobalResidueTypeSet(std::__cxx11::basic_string<char, std::char_traits<char>, std::allocator<char> > const&, std::__cxx11::basic_string<char, std::char_traits<char>, std::allocator<char> > const&)+0x1ec) [0x7f27dc4d5b4c]
/media/bigdrive/rosetta/source/build/src/release/linux/6.2/64/x86/gcc/11/default/libcore.2.so(core::chemical::ChemicalManager::create_residue_type_set(std::__cxx11::basic_string<char, std::char_traits<char>, std::allocator<char> > const&) const+0x1fc) [0x7f27dc49f1ec]
/media/bigdrive/rosetta/source/build/src/release/linux/6.2/64/x86/gcc/11/default/libcore.2.so(std::_Function_handler<std::shared_ptr<core::chemical::GlobalResidueTypeSet> (), std::_Bind<std::shared_ptr<core::chemical::GlobalResidueTypeSet> (core::chemical::ChemicalManager::*(core::chemical::ChemicalManager*, std::reference_wrapper<std::__cxx11::basic_string<char, std::char_traits<char>, std::allocator<char> > const>))(std::__cxx11::basic_string<char, std::char_traits<char>, std::allocator<char> > const&) const> >::_M_invoke(std::_Any_data const&)+0x43) [0x7f27dc4a1783]
/media/bigdrive/rosetta/source/build/src/release/linux/6.2/64/x86/gcc/11/default/libcore.2.so(core::chemical::ChemicalManager::residue_type_set(std::__cxx11::basic_string<char, std::char_traits<char>, std::allocator<char> > const&)+0x1ea) [0x7f27dc49e15a]
/media/bigdrive/rosetta/source/build/src/release/linux/6.2/64/x86/gcc/11/default/libcore.5.so(core::pack::dunbrack::RotamerLibrary::create_fa_dunbrack_libraries_10_from_ASCII()+0x277) [0x7f27e9ac4357]
/media/bigdrive/rosetta/source/build/src/release/linux/6.2/64/x86/gcc/11/default/libcore.5.so(core::pack::dunbrack::RotamerLibrary::create_fa_dunbrack_libraries()+0x26) [0x7f27e9ac6b76]
/media/bigdrive/rosetta/source/build/src/release/linux/6.2/64/x86/gcc/11/default/libcore.5.so(core::pack::dunbrack::RotamerLibrary::RotamerLibrary()+0x124) [0x7f27e9ac6d74]
bin/generate_database_cache.default.linuxgccrelease(+0x32e6) [0x55ada45f42e6]
bin/generate_database_cache.default.linuxgccrelease(+0x270f) [0x55ada45f370f]
/lib/x86_64-linux-gnu/libc.so.6(+0x29d90) [0x7f27e8029d90]
/lib/x86_64-linux-gnu/libc.so.6(__libc_start_main+0x80) [0x7f27e8029e40]
bin/generate_database_cache.default.linuxgccrelease(+0x2755) [0x55ada45f3755]

[END_BACKTRACE]

[FILE]: src/core/chemical/GlobalResidueTypeSet.cc
[LINE]: 147
[START_MESSAGE]
[ ERROR ] UtilityExitException
ERROR: Unable to open file: /media/bigdrive/rosetta/database/chemical/residue_type_sets/fa_standard/residue_types.txt




[END_MESSAGE]
[END_CRASH_REPORT]

